ASxxxx Assembler V02.00 + NoICE + SDCC mods  (Zilog Z80 / Hitachi HD64180 / ZX-Next), page 1.
Hexadecimal [16-Bits]



                              1 ;--------------------------------------------------------------------------
                              2 ;  __sdcc_critical.s
                              3 ;
                              4 ;  Copyright (C) 2020, Sergey Belyashov
                              5 ;
                              6 ;  This library is free software; you can redistribute it and/or modify it
                              7 ;  under the terms of the GNU General Public License as published by the
                              8 ;  Free Software Foundation; either version 2, or (at your option) any
                              9 ;  later version.
                             10 ;
                             11 ;  This library is distributed in the hope that it will be useful,
                             12 ;  but WITHOUT ANY WARRANTY; without even the implied warranty of
                             13 ;  MERCHANTABILITY or FITNESS FOR A PARTICULAR PURPOSE. See the
                             14 ;  GNU General Public License for more details.
                             15 ;
                             16 ;  You should have received a copy of the GNU General Public License 
                             17 ;  along with this library; see the file COPYING. If not, write to the
                             18 ;  Free Software Foundation, 51 Franklin Street, Fifth Floor, Boston,
                             19 ;   MA 02110-1301, USA.
                             20 ;
                             21 ;  As a special exception, if you link this library with other files,
                             22 ;  some of which are compiled with SDCC, to produce an executable,
                             23 ;  this library does not by itself cause the resulting executable to
                             24 ;  be covered by the GNU General Public License. This exception does
                             25 ;  not however invalidate any other reasons why the executable file
                             26 ;   might be covered by the GNU General Public License.
                             27 ;--------------------------------------------------------------------------
                             28 
                             29 	.area   _CODE
                             30 
                             31 	.globl ___sdcc_critical_enter
                             32 ;
                             33 ; NMOS Z80 compatible
                             34 ; this function cannot be placed at 0x0000...0x00ff addresses
                             35 ;
   0000                      36 ___sdcc_critical_enter::
   0000 AF            [ 4]   37 	xor	a, a
   0001 F5            [11]   38 	push	af
   0002 F1            [10]   39 	pop	af
   0003 ED 57         [ 9]   40 	ld	a, i
   0005 F3            [ 4]   41 	di
   0006 E8            [11]   42 	ret	pe	;enabled interrupts
   0007 3B            [ 6]   43 	dec	sp
   0008 3B            [ 6]   44 	dec	sp
   0009 F1            [10]   45 	pop	af
   000A B7            [ 4]   46 	or	a, a	;A = 0 if interrupts disabled
   000B 20 02         [12]   47 	jr	NZ, 00100$
                             48 ;inetrrupts disabled
   000D 97            [ 4]   49 	sub	a, a	;force P/V = 0
   000E C9            [10]   50 	ret
                             51 ;interrupts enabled
   000F                      52 00100$:
   000F AF            [ 4]   53 	xor	a, a	;force P/V = 1
   0010 C9            [10]   54 	ret
