                                      1 ;--------------------------------------------------------
                                      2 ; File Created by SDCC : free open source ISO C Compiler 
                                      3 ; Version 4.4.0 #14620 (Linux)
                                      4 ;--------------------------------------------------------
                                      5 	.module _divslonglong
                                      6 	.optsdcc -mz80
                                      7 	
                                      8 ;--------------------------------------------------------
                                      9 ; Public variables in this module
                                     10 ;--------------------------------------------------------
                                     11 	.globl __divslonglong
                                     12 ;--------------------------------------------------------
                                     13 ; special function registers
                                     14 ;--------------------------------------------------------
                                     15 ;--------------------------------------------------------
                                     16 ; ram data
                                     17 ;--------------------------------------------------------
                                     18 	.area _DATA
                                     19 ;--------------------------------------------------------
                                     20 ; ram data
                                     21 ;--------------------------------------------------------
                                     22 	.area _INITIALIZED
                                     23 ;--------------------------------------------------------
                                     24 ; absolute external ram data
                                     25 ;--------------------------------------------------------
                                     26 	.area _DABS (ABS)
                                     27 ;--------------------------------------------------------
                                     28 ; global & static initialisations
                                     29 ;--------------------------------------------------------
                                     30 	.area _HOME
                                     31 	.area _GSINIT
                                     32 	.area _GSFINAL
                                     33 	.area _GSINIT
                                     34 ;--------------------------------------------------------
                                     35 ; Home
                                     36 ;--------------------------------------------------------
                                     37 	.area _HOME
                           000000    38 	G$_divslonglong$0$0	= .
                                     39 	.globl	G$_divslonglong$0$0
                           000000    40 	C$_divslonglong.c$5$0_0$2	= .
                                     41 	.globl	C$_divslonglong.c$5$0_0$2
                                     42 ;_divslonglong.c:5: _divslonglong (long long numerator, long long denominator)
                                     43 ;	---------------------------------
                                     44 ; Function _divslonglong
                                     45 ; ---------------------------------
      000000                         46 __divslonglong::
      000000 DD E5            [15]   47 	push	ix
      000002 DD 21 00 00      [14]   48 	ld	ix,#0
      000006 DD 39            [15]   49 	add	ix,sp
      000008 21 F0 FF         [10]   50 	ld	hl, #-16
      00000B 39               [11]   51 	add	hl, sp
      00000C F9               [ 6]   52 	ld	sp, hl
                           00000D    53 	C$_divslonglong.c$7$1_0$2	= .
                                     54 	.globl	C$_divslonglong.c$7$1_0$2
                                     55 ;_divslonglong.c:7: bool numeratorneg = (numerator < 0);
      00000D DD 7E 0D         [19]   56 	ld	a, 13 (ix)
      000010 07               [ 4]   57 	rlca
      000011 E6 01            [ 7]   58 	and	a,#0x01
      000013 4F               [ 4]   59 	ld	c, a
                           000014    60 	C$_divslonglong.c$8$1_0$2	= .
                                     61 	.globl	C$_divslonglong.c$8$1_0$2
                                     62 ;_divslonglong.c:8: bool denominatorneg = (denominator < 0);
      000014 DD 7E 15         [19]   63 	ld	a, 21 (ix)
      000017 07               [ 4]   64 	rlca
      000018 E6 01            [ 7]   65 	and	a,#0x01
      00001A 47               [ 4]   66 	ld	b, a
                           00001B    67 	C$_divslonglong.c$11$1_0$2	= .
                                     68 	.globl	C$_divslonglong.c$11$1_0$2
                                     69 ;_divslonglong.c:11: if (numeratorneg)
      00001B 79               [ 4]   70 	ld	a, c
      00001C B7               [ 4]   71 	or	a, a
      00001D 28 3E            [12]   72 	jr	Z, 00102$
                           00001F    73 	C$_divslonglong.c$12$1_0$2	= .
                                     74 	.globl	C$_divslonglong.c$12$1_0$2
                                     75 ;_divslonglong.c:12: numerator = -numerator;
      00001F AF               [ 4]   76 	xor	a, a
      000020 DD 96 06         [19]   77 	sub	a, 6 (ix)
      000023 DD 77 06         [19]   78 	ld	6 (ix), a
      000026 3E 00            [ 7]   79 	ld	a, #0x00
      000028 DD 9E 07         [19]   80 	sbc	a, 7 (ix)
      00002B DD 77 07         [19]   81 	ld	7 (ix), a
      00002E 3E 00            [ 7]   82 	ld	a, #0x00
      000030 DD 9E 08         [19]   83 	sbc	a, 8 (ix)
      000033 DD 77 08         [19]   84 	ld	8 (ix), a
      000036 3E 00            [ 7]   85 	ld	a, #0x00
      000038 DD 9E 09         [19]   86 	sbc	a, 9 (ix)
      00003B DD 77 09         [19]   87 	ld	9 (ix), a
      00003E 3E 00            [ 7]   88 	ld	a, #0x00
      000040 DD 9E 0A         [19]   89 	sbc	a, 10 (ix)
      000043 DD 77 0A         [19]   90 	ld	10 (ix), a
      000046 3E 00            [ 7]   91 	ld	a, #0x00
      000048 DD 9E 0B         [19]   92 	sbc	a, 11 (ix)
      00004B DD 77 0B         [19]   93 	ld	11 (ix), a
      00004E 3E 00            [ 7]   94 	ld	a, #0x00
      000050 DD 9E 0C         [19]   95 	sbc	a, 12 (ix)
      000053 DD 77 0C         [19]   96 	ld	12 (ix), a
      000056 9F               [ 4]   97 	sbc	a, a
      000057 DD 96 0D         [19]   98 	sub	a, 13 (ix)
      00005A DD 77 0D         [19]   99 	ld	13 (ix), a
      00005D                        100 00102$:
                           00005D   101 	C$_divslonglong.c$13$1_0$2	= .
                                    102 	.globl	C$_divslonglong.c$13$1_0$2
                                    103 ;_divslonglong.c:13: if (denominatorneg)
      00005D 78               [ 4]  104 	ld	a, b
      00005E B7               [ 4]  105 	or	a, a
      00005F 28 3E            [12]  106 	jr	Z, 00104$
                           000061   107 	C$_divslonglong.c$14$1_0$2	= .
                                    108 	.globl	C$_divslonglong.c$14$1_0$2
                                    109 ;_divslonglong.c:14: denominator = -denominator;
      000061 AF               [ 4]  110 	xor	a, a
      000062 DD 96 0E         [19]  111 	sub	a, 14 (ix)
      000065 DD 77 0E         [19]  112 	ld	14 (ix), a
      000068 3E 00            [ 7]  113 	ld	a, #0x00
      00006A DD 9E 0F         [19]  114 	sbc	a, 15 (ix)
      00006D DD 77 0F         [19]  115 	ld	15 (ix), a
      000070 3E 00            [ 7]  116 	ld	a, #0x00
      000072 DD 9E 10         [19]  117 	sbc	a, 16 (ix)
      000075 DD 77 10         [19]  118 	ld	16 (ix), a
      000078 3E 00            [ 7]  119 	ld	a, #0x00
      00007A DD 9E 11         [19]  120 	sbc	a, 17 (ix)
      00007D DD 77 11         [19]  121 	ld	17 (ix), a
      000080 3E 00            [ 7]  122 	ld	a, #0x00
      000082 DD 9E 12         [19]  123 	sbc	a, 18 (ix)
      000085 DD 77 12         [19]  124 	ld	18 (ix), a
      000088 3E 00            [ 7]  125 	ld	a, #0x00
      00008A DD 9E 13         [19]  126 	sbc	a, 19 (ix)
      00008D DD 77 13         [19]  127 	ld	19 (ix), a
      000090 3E 00            [ 7]  128 	ld	a, #0x00
      000092 DD 9E 14         [19]  129 	sbc	a, 20 (ix)
      000095 DD 77 14         [19]  130 	ld	20 (ix), a
      000098 9F               [ 4]  131 	sbc	a, a
      000099 DD 96 15         [19]  132 	sub	a, 21 (ix)
      00009C DD 77 15         [19]  133 	ld	21 (ix), a
      00009F                        134 00104$:
                           00009F   135 	C$_divslonglong.c$16$1_0$2	= .
                                    136 	.globl	C$_divslonglong.c$16$1_0$2
                                    137 ;_divslonglong.c:16: d = (unsigned long long)numerator / (unsigned long long)denominator;
      00009F C5               [11]  138 	push	bc
      0000A0 21 02 00         [10]  139 	ld	hl, #2
      0000A3 39               [11]  140 	add	hl, sp
      0000A4 EB               [ 4]  141 	ex	de, hl
      0000A5 21 18 00         [10]  142 	ld	hl, #24
      0000A8 39               [11]  143 	add	hl, sp
      0000A9 01 08 00         [10]  144 	ld	bc, #8
      0000AC ED B0            [21]  145 	ldir
      0000AE 21 0A 00         [10]  146 	ld	hl, #10
      0000B1 39               [11]  147 	add	hl, sp
      0000B2 EB               [ 4]  148 	ex	de, hl
      0000B3 21 20 00         [10]  149 	ld	hl, #32
      0000B6 39               [11]  150 	add	hl, sp
      0000B7 01 08 00         [10]  151 	ld	bc, #8
      0000BA ED B0            [21]  152 	ldir
      0000BC DD 6E FE         [19]  153 	ld	l, -2 (ix)
                                    154 ;	spillPairReg hl
                                    155 ;	spillPairReg hl
      0000BF DD 66 FF         [19]  156 	ld	h, -1 (ix)
                                    157 ;	spillPairReg hl
                                    158 ;	spillPairReg hl
      0000C2 E5               [11]  159 	push	hl
      0000C3 DD 6E FC         [19]  160 	ld	l, -4 (ix)
                                    161 ;	spillPairReg hl
                                    162 ;	spillPairReg hl
      0000C6 DD 66 FD         [19]  163 	ld	h, -3 (ix)
                                    164 ;	spillPairReg hl
                                    165 ;	spillPairReg hl
      0000C9 E5               [11]  166 	push	hl
      0000CA DD 6E FA         [19]  167 	ld	l, -6 (ix)
                                    168 ;	spillPairReg hl
                                    169 ;	spillPairReg hl
      0000CD DD 66 FB         [19]  170 	ld	h, -5 (ix)
                                    171 ;	spillPairReg hl
                                    172 ;	spillPairReg hl
      0000D0 E5               [11]  173 	push	hl
      0000D1 DD 6E F8         [19]  174 	ld	l, -8 (ix)
                                    175 ;	spillPairReg hl
                                    176 ;	spillPairReg hl
      0000D4 DD 66 F9         [19]  177 	ld	h, -7 (ix)
                                    178 ;	spillPairReg hl
                                    179 ;	spillPairReg hl
      0000D7 E5               [11]  180 	push	hl
      0000D8 DD 6E F6         [19]  181 	ld	l, -10 (ix)
                                    182 ;	spillPairReg hl
                                    183 ;	spillPairReg hl
      0000DB DD 66 F7         [19]  184 	ld	h, -9 (ix)
                                    185 ;	spillPairReg hl
                                    186 ;	spillPairReg hl
      0000DE E5               [11]  187 	push	hl
      0000DF DD 6E F4         [19]  188 	ld	l, -12 (ix)
                                    189 ;	spillPairReg hl
                                    190 ;	spillPairReg hl
      0000E2 DD 66 F5         [19]  191 	ld	h, -11 (ix)
                                    192 ;	spillPairReg hl
                                    193 ;	spillPairReg hl
      0000E5 E5               [11]  194 	push	hl
      0000E6 DD 6E F2         [19]  195 	ld	l, -14 (ix)
                                    196 ;	spillPairReg hl
                                    197 ;	spillPairReg hl
      0000E9 DD 66 F3         [19]  198 	ld	h, -13 (ix)
                                    199 ;	spillPairReg hl
                                    200 ;	spillPairReg hl
      0000EC E5               [11]  201 	push	hl
      0000ED DD 6E F0         [19]  202 	ld	l, -16 (ix)
                                    203 ;	spillPairReg hl
                                    204 ;	spillPairReg hl
      0000F0 DD 66 F1         [19]  205 	ld	h, -15 (ix)
                                    206 ;	spillPairReg hl
                                    207 ;	spillPairReg hl
      0000F3 E5               [11]  208 	push	hl
      0000F4 21 1A 00         [10]  209 	ld	hl, #0x001a
      0000F7 39               [11]  210 	add	hl, sp
      0000F8 E5               [11]  211 	push	hl
      0000F9 CDr00r00         [17]  212 	call	__divulonglong
      0000FC 21 12 00         [10]  213 	ld	hl, #18
      0000FF 39               [11]  214 	add	hl, sp
      000100 F9               [ 6]  215 	ld	sp, hl
      000101 21 02 00         [10]  216 	ld	hl, #2
      000104 39               [11]  217 	add	hl, sp
      000105 EB               [ 4]  218 	ex	de, hl
      000106 21 0A 00         [10]  219 	ld	hl, #10
      000109 39               [11]  220 	add	hl, sp
      00010A 01 08 00         [10]  221 	ld	bc, #8
      00010D ED B0            [21]  222 	ldir
      00010F C1               [10]  223 	pop	bc
                           000110   224 	C$_divslonglong.c$18$1_0$2	= .
                                    225 	.globl	C$_divslonglong.c$18$1_0$2
                                    226 ;_divslonglong.c:18: return ((numeratorneg ^ denominatorneg) ? -d : d);
      000110 79               [ 4]  227 	ld	a, c
      000111 A8               [ 4]  228 	xor	a,b
      000112 28 40            [12]  229 	jr	Z, 00107$
      000114 AF               [ 4]  230 	xor	a, a
      000115 DD 96 F0         [19]  231 	sub	a, -16 (ix)
      000118 DD 77 F8         [19]  232 	ld	-8 (ix), a
      00011B 3E 00            [ 7]  233 	ld	a, #0x00
      00011D DD 9E F1         [19]  234 	sbc	a, -15 (ix)
      000120 DD 77 F9         [19]  235 	ld	-7 (ix), a
      000123 3E 00            [ 7]  236 	ld	a, #0x00
      000125 DD 9E F2         [19]  237 	sbc	a, -14 (ix)
      000128 DD 77 FA         [19]  238 	ld	-6 (ix), a
      00012B 3E 00            [ 7]  239 	ld	a, #0x00
      00012D DD 9E F3         [19]  240 	sbc	a, -13 (ix)
      000130 DD 77 FB         [19]  241 	ld	-5 (ix), a
      000133 3E 00            [ 7]  242 	ld	a, #0x00
      000135 DD 9E F4         [19]  243 	sbc	a, -12 (ix)
      000138 DD 77 FC         [19]  244 	ld	-4 (ix), a
      00013B 3E 00            [ 7]  245 	ld	a, #0x00
      00013D DD 9E F5         [19]  246 	sbc	a, -11 (ix)
      000140 DD 77 FD         [19]  247 	ld	-3 (ix), a
      000143 3E 00            [ 7]  248 	ld	a, #0x00
      000145 DD 9E F6         [19]  249 	sbc	a, -10 (ix)
      000148 DD 77 FE         [19]  250 	ld	-2 (ix), a
      00014B 9F               [ 4]  251 	sbc	a, a
      00014C DD 96 F7         [19]  252 	sub	a, -9 (ix)
      00014F DD 77 FF         [19]  253 	ld	-1 (ix), a
      000152 18 0E            [12]  254 	jr	00108$
      000154                        255 00107$:
      000154 21 08 00         [10]  256 	ld	hl, #8
      000157 39               [11]  257 	add	hl, sp
      000158 EB               [ 4]  258 	ex	de, hl
      000159 21 00 00         [10]  259 	ld	hl, #0
      00015C 39               [11]  260 	add	hl, sp
      00015D 01 08 00         [10]  261 	ld	bc, #8
      000160 ED B0            [21]  262 	ldir
      000162                        263 00108$:
      000162 21 14 00         [10]  264 	ld	hl, #20
      000165 39               [11]  265 	add	hl, sp
      000166 5E               [ 7]  266 	ld	e, (hl)
      000167 23               [ 6]  267 	inc	hl
      000168 56               [ 7]  268 	ld	d, (hl)
      000169 21 08 00         [10]  269 	ld	hl, #8
      00016C 39               [11]  270 	add	hl, sp
      00016D 01 08 00         [10]  271 	ld	bc, #8
      000170 ED B0            [21]  272 	ldir
                           000172   273 	C$_divslonglong.c$19$1_0$2	= .
                                    274 	.globl	C$_divslonglong.c$19$1_0$2
                                    275 ;_divslonglong.c:19: }
      000172 DD F9            [10]  276 	ld	sp, ix
      000174 DD E1            [14]  277 	pop	ix
                           000176   278 	C$_divslonglong.c$19$1_0$2	= .
                                    279 	.globl	C$_divslonglong.c$19$1_0$2
                           000176   280 	XG$_divslonglong$0$0	= .
                                    281 	.globl	XG$_divslonglong$0$0
      000176 C9               [10]  282 	ret
                                    283 	.area _HOME
                                    284 ;--------------------------------------------------------
                                    285 ; code
                                    286 ;--------------------------------------------------------
                                    287 	.area _CODE
                                    288 	.area _CODE
                                    289 	.area _INITIALIZER
                                    290 	.area _CABS (ABS)
