                              1 ;--------------------------------------------------------
                              2 ; File Created by SDCC : free open source ANSI-C Compiler
                              3 ; Version 3.8.0 #10562 (Linux)
                              4 ;--------------------------------------------------------
                              5 	.module _fs2uchar
                              6 	.optsdcc -mz80
                              7 	
                              8 ;--------------------------------------------------------
                              9 ; Public variables in this module
                             10 ;--------------------------------------------------------
                             11 	.globl ___fs2ulong
                             12 	.globl ___fs2uchar
                             13 ;--------------------------------------------------------
                             14 ; special function registers
                             15 ;--------------------------------------------------------
                             16 ;--------------------------------------------------------
                             17 ; ram data
                             18 ;--------------------------------------------------------
                             19 	.area _DATA
                             20 ;--------------------------------------------------------
                             21 ; ram data
                             22 ;--------------------------------------------------------
                             23 	.area _INITIALIZED
                             24 ;--------------------------------------------------------
                             25 ; absolute external ram data
                             26 ;--------------------------------------------------------
                             27 	.area _DABS (ABS)
                             28 ;--------------------------------------------------------
                             29 ; global & static initialisations
                             30 ;--------------------------------------------------------
                             31 	.area _HOME
                             32 	.area _GSINIT
                             33 	.area _GSFINAL
                             34 	.area _GSINIT
                             35 ;--------------------------------------------------------
                             36 ; Home
                             37 ;--------------------------------------------------------
                             38 	.area _HOME
                     0000    39 	G$__fs2uchar$0$0	= .
                             40 	.globl	G$__fs2uchar$0$0
                     0000    41 	C$_fs2uchar.c$34$0_0$21	= .
                             42 	.globl	C$_fs2uchar.c$34$0_0$21
                             43 ;_fs2uchar.c:34: unsigned char __fs2uchar (float f)
                             44 ;	---------------------------------
                             45 ; Function __fs2uchar
                             46 ; ---------------------------------
   0000                      47 ___fs2uchar::
   0000 DD E5         [15]   48 	push	ix
   0002 DD 21 00 00   [14]   49 	ld	ix,#0
   0006 DD 39         [15]   50 	add	ix,sp
                     0008    51 	C$_fs2uchar.c$36$1_0$21	= .
                             52 	.globl	C$_fs2uchar.c$36$1_0$21
                             53 ;_fs2uchar.c:36: unsigned long ul=__fs2ulong(f);
   0008 DD 6E 06      [19]   54 	ld	l, 6 (ix)
   000B DD 66 07      [19]   55 	ld	h, 7 (ix)
   000E E5            [11]   56 	push	hl
   000F DD 6E 04      [19]   57 	ld	l, 4 (ix)
   0012 DD 66 05      [19]   58 	ld	h, 5 (ix)
   0015 E5            [11]   59 	push	hl
   0016 CDr00r00      [17]   60 	call	___fs2ulong
   0019 F1            [10]   61 	pop	af
   001A F1            [10]   62 	pop	af
                     001B    63 	C$_fs2uchar.c$37$1_0$21	= .
                             64 	.globl	C$_fs2uchar.c$37$1_0$21
                             65 ;_fs2uchar.c:37: if (ul>=UCHAR_MAX) return UCHAR_MAX;
   001B 7D            [ 4]   66 	ld	a, l
   001C D6 FF         [ 7]   67 	sub	a, #0xff
   001E 7C            [ 4]   68 	ld	a, h
   001F DE 00         [ 7]   69 	sbc	a, #0x00
   0021 7B            [ 4]   70 	ld	a, e
   0022 DE 00         [ 7]   71 	sbc	a, #0x00
   0024 7A            [ 4]   72 	ld	a, d
   0025 DE 00         [ 7]   73 	sbc	a, #0x00
   0027 38 02         [12]   74 	jr	C,00102$
   0029 2E FF         [ 7]   75 	ld	l, #0xff
                     002B    76 	C$_fs2uchar.c$38$1_0$21	= .
                             77 	.globl	C$_fs2uchar.c$38$1_0$21
                             78 ;_fs2uchar.c:38: return ul;
   002B                      79 00102$:
                     002B    80 	C$_fs2uchar.c$39$1_0$21	= .
                             81 	.globl	C$_fs2uchar.c$39$1_0$21
                             82 ;_fs2uchar.c:39: }
   002B DD E1         [14]   83 	pop	ix
                     002D    84 	C$_fs2uchar.c$39$1_0$21	= .
                             85 	.globl	C$_fs2uchar.c$39$1_0$21
                     002D    86 	XG$__fs2uchar$0$0	= .
                             87 	.globl	XG$__fs2uchar$0$0
   002D C9            [10]   88 	ret
                             89 	.area _HOME
                             90 ;--------------------------------------------------------
                             91 ; code
                             92 ;--------------------------------------------------------
                             93 	.area _CODE
                             94 	.area _CODE
                             95 	.area _INITIALIZER
                             96 	.area _CABS (ABS)
