                              1 ;--------------------------------------------------------
                              2 ; File Created by SDCC : free open source ANSI-C Compiler
                              3 ; Version 3.8.0 #10562 (Linux)
                              4 ;--------------------------------------------------------
                              5 	.module _fs2schar
                              6 	.optsdcc -mz80
                              7 	
                              8 ;--------------------------------------------------------
                              9 ; Public variables in this module
                             10 ;--------------------------------------------------------
                             11 	.globl ___fs2slong
                             12 	.globl ___fs2schar
                             13 ;--------------------------------------------------------
                             14 ; special function registers
                             15 ;--------------------------------------------------------
                             16 ;--------------------------------------------------------
                             17 ; ram data
                             18 ;--------------------------------------------------------
                             19 	.area _DATA
                             20 ;--------------------------------------------------------
                             21 ; ram data
                             22 ;--------------------------------------------------------
                             23 	.area _INITIALIZED
                             24 ;--------------------------------------------------------
                             25 ; absolute external ram data
                             26 ;--------------------------------------------------------
                             27 	.area _DABS (ABS)
                             28 ;--------------------------------------------------------
                             29 ; global & static initialisations
                             30 ;--------------------------------------------------------
                             31 	.area _HOME
                             32 	.area _GSINIT
                             33 	.area _GSFINAL
                             34 	.area _GSINIT
                             35 ;--------------------------------------------------------
                             36 ; Home
                             37 ;--------------------------------------------------------
                             38 	.area _HOME
                     0000    39 	G$__fs2schar$0$0	= .
                             40 	.globl	G$__fs2schar$0$0
                     0000    41 	C$_fs2schar.c$34$0_0$21	= .
                             42 	.globl	C$_fs2schar.c$34$0_0$21
                             43 ;_fs2schar.c:34: signed char __fs2schar (float f)
                             44 ;	---------------------------------
                             45 ; Function __fs2schar
                             46 ; ---------------------------------
   0000                      47 ___fs2schar::
   0000 DD E5         [15]   48 	push	ix
   0002 DD 21 00 00   [14]   49 	ld	ix,#0
   0006 DD 39         [15]   50 	add	ix,sp
                     0008    51 	C$_fs2schar.c$36$1_0$21	= .
                             52 	.globl	C$_fs2schar.c$36$1_0$21
                             53 ;_fs2schar.c:36: signed long sl=__fs2slong(f);
   0008 DD 6E 06      [19]   54 	ld	l, 6 (ix)
   000B DD 66 07      [19]   55 	ld	h, 7 (ix)
   000E E5            [11]   56 	push	hl
   000F DD 6E 04      [19]   57 	ld	l, 4 (ix)
   0012 DD 66 05      [19]   58 	ld	h, 5 (ix)
   0015 E5            [11]   59 	push	hl
   0016 CDr00r00      [17]   60 	call	___fs2slong
   0019 F1            [10]   61 	pop	af
   001A F1            [10]   62 	pop	af
   001B 4D            [ 4]   63 	ld	c, l
   001C 44            [ 4]   64 	ld	b, h
                     001D    65 	C$_fs2schar.c$37$1_0$21	= .
                             66 	.globl	C$_fs2schar.c$37$1_0$21
                             67 ;_fs2schar.c:37: if (sl>=SCHAR_MAX)
   001D 79            [ 4]   68 	ld	a, c
   001E D6 7F         [ 7]   69 	sub	a, #0x7f
   0020 78            [ 4]   70 	ld	a, b
   0021 DE 00         [ 7]   71 	sbc	a, #0x00
   0023 7B            [ 4]   72 	ld	a, e
   0024 DE 00         [ 7]   73 	sbc	a, #0x00
   0026 7A            [ 4]   74 	ld	a, d
   0027 17            [ 4]   75 	rla
   0028 3F            [ 4]   76 	ccf
   0029 1F            [ 4]   77 	rra
   002A DE 80         [ 7]   78 	sbc	a, #0x80
   002C 38 04         [12]   79 	jr	C,00102$
                     002E    80 	C$_fs2schar.c$38$1_0$21	= .
                             81 	.globl	C$_fs2schar.c$38$1_0$21
                             82 ;_fs2schar.c:38: return SCHAR_MAX;
   002E 2E 7F         [ 7]   83 	ld	l, #0x7f
   0030 18 19         [12]   84 	jr	00105$
   0032                      85 00102$:
                     0032    86 	C$_fs2schar.c$39$1_0$21	= .
                             87 	.globl	C$_fs2schar.c$39$1_0$21
                             88 ;_fs2schar.c:39: if (sl<=SCHAR_MIN)
   0032 3E 80         [ 7]   89 	ld	a, #0x80
   0034 B9            [ 4]   90 	cp	a, c
   0035 3E FF         [ 7]   91 	ld	a, #0xff
   0037 98            [ 4]   92 	sbc	a, b
   0038 3E FF         [ 7]   93 	ld	a, #0xff
   003A 9B            [ 4]   94 	sbc	a, e
   003B 3E FF         [ 7]   95 	ld	a, #0xff
   003D 9A            [ 4]   96 	sbc	a, d
   003E E2r43r00      [10]   97 	jp	PO, 00117$
   0041 EE 80         [ 7]   98 	xor	a, #0x80
   0043                      99 00117$:
   0043 FAr4Ar00      [10]  100 	jp	M, 00104$
                     0046   101 	C$_fs2schar.c$40$1_0$21	= .
                            102 	.globl	C$_fs2schar.c$40$1_0$21
                            103 ;_fs2schar.c:40: return -SCHAR_MIN;
   0046 2E 80         [ 7]  104 	ld	l, #0x80
   0048 18 01         [12]  105 	jr	00105$
   004A                     106 00104$:
                     004A   107 	C$_fs2schar.c$41$1_0$21	= .
                            108 	.globl	C$_fs2schar.c$41$1_0$21
                            109 ;_fs2schar.c:41: return sl;
   004A 69            [ 4]  110 	ld	l, c
   004B                     111 00105$:
                     004B   112 	C$_fs2schar.c$42$1_0$21	= .
                            113 	.globl	C$_fs2schar.c$42$1_0$21
                            114 ;_fs2schar.c:42: }
   004B DD E1         [14]  115 	pop	ix
                     004D   116 	C$_fs2schar.c$42$1_0$21	= .
                            117 	.globl	C$_fs2schar.c$42$1_0$21
                     004D   118 	XG$__fs2schar$0$0	= .
                            119 	.globl	XG$__fs2schar$0$0
   004D C9            [10]  120 	ret
                            121 	.area _HOME
                            122 ;--------------------------------------------------------
                            123 ; code
                            124 ;--------------------------------------------------------
                            125 	.area _CODE
                            126 	.area _CODE
                            127 	.area _INITIALIZER
                            128 	.area _CABS (ABS)
