                              1 ;--------------------------------------------------------
                              2 ; File Created by SDCC : free open source ANSI-C Compiler
                              3 ; Version 3.8.0 #10562 (Linux)
                              4 ;--------------------------------------------------------
                              5 	.module _fssub
                              6 	.optsdcc -mz80
                              7 	
                              8 ;--------------------------------------------------------
                              9 ; Public variables in this module
                             10 ;--------------------------------------------------------
                             11 	.globl ___fssub
                             12 ;--------------------------------------------------------
                             13 ; special function registers
                             14 ;--------------------------------------------------------
                             15 ;--------------------------------------------------------
                             16 ; ram data
                             17 ;--------------------------------------------------------
                             18 	.area _DATA
                             19 ;--------------------------------------------------------
                             20 ; ram data
                             21 ;--------------------------------------------------------
                             22 	.area _INITIALIZED
                             23 ;--------------------------------------------------------
                             24 ; absolute external ram data
                             25 ;--------------------------------------------------------
                             26 	.area _DABS (ABS)
                             27 ;--------------------------------------------------------
                             28 ; global & static initialisations
                             29 ;--------------------------------------------------------
                             30 	.area _HOME
                             31 	.area _GSINIT
                             32 	.area _GSFINAL
                             33 	.area _GSINIT
                             34 ;--------------------------------------------------------
                             35 ; Home
                             36 ;--------------------------------------------------------
                             37 	.area _HOME
                     0000    38 	G$__fssub$0$0	= .
                             39 	.globl	G$__fssub$0$0
                     0000    40 	C$_fssub.c$48$0_0$2	= .
                             41 	.globl	C$_fssub.c$48$0_0$2
                             42 ;_fssub.c:48: float __fssub (float a1, float a2)
                             43 ;	---------------------------------
                             44 ; Function __fssub
                             45 ; ---------------------------------
   0000                      46 ___fssub::
   0000 DD E5         [15]   47 	push	ix
   0002 DD 21 00 00   [14]   48 	ld	ix,#0
   0006 DD 39         [15]   49 	add	ix,sp
                     0008    50 	C$_fssub.c$50$1_0$2	= .
                             51 	.globl	C$_fssub.c$50$1_0$2
                             52 ;_fssub.c:50: float neg = -a1;
   0008 DD 7E 07      [19]   53 	ld	a, 7 (ix)
   000B EE 80         [ 7]   54 	xor	a,#0x80
   000D 57            [ 4]   55 	ld	d, a
   000E DD 4E 04      [19]   56 	ld	c, 4 (ix)
   0011 DD 46 05      [19]   57 	ld	b, 5 (ix)
   0014 DD 5E 06      [19]   58 	ld	e, 6 (ix)
                     0017    59 	C$_fssub.c$51$1_0$2	= .
                             60 	.globl	C$_fssub.c$51$1_0$2
                             61 ;_fssub.c:51: return -(neg + a2);
   0017 DD 6E 0A      [19]   62 	ld	l, 10 (ix)
   001A DD 66 0B      [19]   63 	ld	h, 11 (ix)
   001D E5            [11]   64 	push	hl
   001E DD 6E 08      [19]   65 	ld	l, 8 (ix)
   0021 DD 66 09      [19]   66 	ld	h, 9 (ix)
   0024 E5            [11]   67 	push	hl
   0025 D5            [11]   68 	push	de
   0026 C5            [11]   69 	push	bc
   0027 CDr00r00      [17]   70 	call	___fsadd
   002A F1            [10]   71 	pop	af
   002B F1            [10]   72 	pop	af
   002C F1            [10]   73 	pop	af
   002D F1            [10]   74 	pop	af
   002E 7A            [ 4]   75 	ld	a, d
   002F EE 80         [ 7]   76 	xor	a,#0x80
   0031 57            [ 4]   77 	ld	d, a
                     0032    78 	C$_fssub.c$52$1_0$2	= .
                             79 	.globl	C$_fssub.c$52$1_0$2
                             80 ;_fssub.c:52: }
   0032 DD E1         [14]   81 	pop	ix
                     0034    82 	C$_fssub.c$52$1_0$2	= .
                             83 	.globl	C$_fssub.c$52$1_0$2
                     0034    84 	XG$__fssub$0$0	= .
                             85 	.globl	XG$__fssub$0$0
   0034 C9            [10]   86 	ret
                             87 	.area _HOME
                             88 ;--------------------------------------------------------
                             89 ; code
                             90 ;--------------------------------------------------------
                             91 	.area _CODE
                             92 	.area _CODE
                             93 	.area _INITIALIZER
                             94 	.area _CABS (ABS)
