                              1 ;--------------------------------------------------------
                              2 ; File Created by SDCC : free open source ANSI-C Compiler
                              3 ; Version 3.8.0 #10562 (Linux)
                              4 ;--------------------------------------------------------
                              5 	.module _modulonglong
                              6 	.optsdcc -mz80
                              7 	
                              8 ;--------------------------------------------------------
                              9 ; Public variables in this module
                             10 ;--------------------------------------------------------
                             11 	.globl __modulonglong
                             12 ;--------------------------------------------------------
                             13 ; special function registers
                             14 ;--------------------------------------------------------
                             15 ;--------------------------------------------------------
                             16 ; ram data
                             17 ;--------------------------------------------------------
                             18 	.area _DATA
                             19 ;--------------------------------------------------------
                             20 ; ram data
                             21 ;--------------------------------------------------------
                             22 	.area _INITIALIZED
                             23 ;--------------------------------------------------------
                             24 ; absolute external ram data
                             25 ;--------------------------------------------------------
                             26 	.area _DABS (ABS)
                             27 ;--------------------------------------------------------
                             28 ; global & static initialisations
                             29 ;--------------------------------------------------------
                             30 	.area _HOME
                             31 	.area _GSINIT
                             32 	.area _GSFINAL
                             33 	.area _GSINIT
                             34 ;--------------------------------------------------------
                             35 ; Home
                             36 ;--------------------------------------------------------
                             37 	.area _HOME
                     0000    38 	G$_modulonglong$0$0	= .
                             39 	.globl	G$_modulonglong$0$0
                     0000    40 	C$_modulonglong.c$4$0_0$2	= .
                             41 	.globl	C$_modulonglong.c$4$0_0$2
                             42 ;_modulonglong.c:4: _modulonglong (unsigned long long a, unsigned long long b)
                             43 ;	---------------------------------
                             44 ; Function _modulonglong
                             45 ; ---------------------------------
   0000                      46 __modulonglong::
   0000 DD E5         [15]   47 	push	ix
   0002 DD 21 00 00   [14]   48 	ld	ix,#0
   0006 DD 39         [15]   49 	add	ix,sp
                     0008    50 	C$_modulonglong.c$6$2_0$2	= .
                             51 	.globl	C$_modulonglong.c$6$2_0$2
                             52 ;_modulonglong.c:6: unsigned char count = 0;
                     0008    53 	C$_modulonglong.c$8$1_0$2	= .
                             54 	.globl	C$_modulonglong.c$8$1_0$2
                             55 ;_modulonglong.c:8: while (!MSB_SET(b))
   0008 01 00 00      [10]   56 	ld	bc, #0x0000
   000B                      57 00103$:
   000B DD 7E 15      [19]   58 	ld	a, 21 (ix)
   000E CB 07         [ 8]   59 	rlc	a
   0010 E6 01         [ 7]   60 	and	a,#0x01
   0012 20 79         [12]   61 	jr	NZ,00117$
                     0014    62 	C$_modulonglong.c$10$2_0$3	= .
                             63 	.globl	C$_modulonglong.c$10$2_0$3
                             64 ;_modulonglong.c:10: b <<= 1;
   0014 DD CB 0E 26   [23]   65 	sla	14 (ix)
   0018 DD CB 0F 16   [23]   66 	rl	15 (ix)
   001C DD CB 10 16   [23]   67 	rl	16 (ix)
   0020 DD CB 11 16   [23]   68 	rl	17 (ix)
   0024 DD CB 12 16   [23]   69 	rl	18 (ix)
   0028 DD CB 13 16   [23]   70 	rl	19 (ix)
   002C DD CB 14 16   [23]   71 	rl	20 (ix)
   0030 DD CB 15 16   [23]   72 	rl	21 (ix)
                     0034    73 	C$_modulonglong.c$11$2_0$3	= .
                             74 	.globl	C$_modulonglong.c$11$2_0$3
                             75 ;_modulonglong.c:11: if (b > a)
   0034 DD 7E 06      [19]   76 	ld	a, 6 (ix)
   0037 DD 96 0E      [19]   77 	sub	a, 14 (ix)
   003A DD 7E 07      [19]   78 	ld	a, 7 (ix)
   003D DD 9E 0F      [19]   79 	sbc	a, 15 (ix)
   0040 DD 7E 08      [19]   80 	ld	a, 8 (ix)
   0043 DD 9E 10      [19]   81 	sbc	a, 16 (ix)
   0046 DD 7E 09      [19]   82 	ld	a, 9 (ix)
   0049 DD 9E 11      [19]   83 	sbc	a, 17 (ix)
   004C DD 7E 0A      [19]   84 	ld	a, 10 (ix)
   004F DD 9E 12      [19]   85 	sbc	a, 18 (ix)
   0052 DD 7E 0B      [19]   86 	ld	a, 11 (ix)
   0055 DD 9E 13      [19]   87 	sbc	a, 19 (ix)
   0058 DD 7E 0C      [19]   88 	ld	a, 12 (ix)
   005B DD 9E 14      [19]   89 	sbc	a, 20 (ix)
   005E DD 7E 0D      [19]   90 	ld	a, 13 (ix)
   0061 DD 9E 15      [19]   91 	sbc	a, 21 (ix)
   0064 30 22         [12]   92 	jr	NC,00102$
                     0066    93 	C$_modulonglong.c$13$3_0$4	= .
                             94 	.globl	C$_modulonglong.c$13$3_0$4
                             95 ;_modulonglong.c:13: b >>=1;
   0066 DD CB 15 3E   [23]   96 	srl	21 (ix)
   006A DD CB 14 1E   [23]   97 	rr	20 (ix)
   006E DD CB 13 1E   [23]   98 	rr	19 (ix)
   0072 DD CB 12 1E   [23]   99 	rr	18 (ix)
   0076 DD CB 11 1E   [23]  100 	rr	17 (ix)
   007A DD CB 10 1E   [23]  101 	rr	16 (ix)
   007E DD CB 0F 1E   [23]  102 	rr	15 (ix)
   0082 DD CB 0E 1E   [23]  103 	rr	14 (ix)
                     0086   104 	C$_modulonglong.c$14$3_0$4	= .
                            105 	.globl	C$_modulonglong.c$14$3_0$4
                            106 ;_modulonglong.c:14: break;
   0086 18 05         [12]  107 	jr	00117$
   0088                     108 00102$:
                     0088   109 	C$_modulonglong.c$16$2_0$3	= .
                            110 	.globl	C$_modulonglong.c$16$2_0$3
                            111 ;_modulonglong.c:16: count++;
   0088 04            [ 4]  112 	inc	b
   0089 48            [ 4]  113 	ld	c, b
   008A C3r0Br00      [10]  114 	jp	00103$
                     008D   115 	C$_modulonglong.c$18$1_0$2	= .
                            116 	.globl	C$_modulonglong.c$18$1_0$2
                            117 ;_modulonglong.c:18: do
   008D                     118 00117$:
   008D                     119 00108$:
                     008D   120 	C$_modulonglong.c$20$2_0$5	= .
                            121 	.globl	C$_modulonglong.c$20$2_0$5
                            122 ;_modulonglong.c:20: if (a >= b)
   008D DD 7E 06      [19]  123 	ld	a, 6 (ix)
   0090 DD 96 0E      [19]  124 	sub	a, 14 (ix)
   0093 DD 7E 07      [19]  125 	ld	a, 7 (ix)
   0096 DD 9E 0F      [19]  126 	sbc	a, 15 (ix)
   0099 DD 7E 08      [19]  127 	ld	a, 8 (ix)
   009C DD 9E 10      [19]  128 	sbc	a, 16 (ix)
   009F DD 7E 09      [19]  129 	ld	a, 9 (ix)
   00A2 DD 9E 11      [19]  130 	sbc	a, 17 (ix)
   00A5 DD 7E 0A      [19]  131 	ld	a, 10 (ix)
   00A8 DD 9E 12      [19]  132 	sbc	a, 18 (ix)
   00AB DD 7E 0B      [19]  133 	ld	a, 11 (ix)
   00AE DD 9E 13      [19]  134 	sbc	a, 19 (ix)
   00B1 DD 7E 0C      [19]  135 	ld	a, 12 (ix)
   00B4 DD 9E 14      [19]  136 	sbc	a, 20 (ix)
   00B7 DD 7E 0D      [19]  137 	ld	a, 13 (ix)
   00BA DD 9E 15      [19]  138 	sbc	a, 21 (ix)
   00BD 38 48         [12]  139 	jr	C,00107$
                     00BF   140 	C$_modulonglong.c$21$2_0$5	= .
                            141 	.globl	C$_modulonglong.c$21$2_0$5
                            142 ;_modulonglong.c:21: a -= b;
   00BF DD 7E 06      [19]  143 	ld	a, 6 (ix)
   00C2 DD 96 0E      [19]  144 	sub	a, 14 (ix)
   00C5 DD 77 06      [19]  145 	ld	6 (ix), a
   00C8 DD 7E 07      [19]  146 	ld	a, 7 (ix)
   00CB DD 9E 0F      [19]  147 	sbc	a, 15 (ix)
   00CE DD 77 07      [19]  148 	ld	7 (ix), a
   00D1 DD 7E 08      [19]  149 	ld	a, 8 (ix)
   00D4 DD 9E 10      [19]  150 	sbc	a, 16 (ix)
   00D7 DD 77 08      [19]  151 	ld	8 (ix), a
   00DA DD 7E 09      [19]  152 	ld	a, 9 (ix)
   00DD DD 9E 11      [19]  153 	sbc	a, 17 (ix)
   00E0 DD 77 09      [19]  154 	ld	9 (ix), a
   00E3 DD 7E 0A      [19]  155 	ld	a, 10 (ix)
   00E6 DD 9E 12      [19]  156 	sbc	a, 18 (ix)
   00E9 DD 77 0A      [19]  157 	ld	10 (ix), a
   00EC DD 7E 0B      [19]  158 	ld	a, 11 (ix)
   00EF DD 9E 13      [19]  159 	sbc	a, 19 (ix)
   00F2 DD 77 0B      [19]  160 	ld	11 (ix), a
   00F5 DD 7E 0C      [19]  161 	ld	a, 12 (ix)
   00F8 DD 9E 14      [19]  162 	sbc	a, 20 (ix)
   00FB DD 77 0C      [19]  163 	ld	12 (ix), a
   00FE DD 7E 0D      [19]  164 	ld	a, 13 (ix)
   0101 DD 9E 15      [19]  165 	sbc	a, 21 (ix)
   0104 DD 77 0D      [19]  166 	ld	13 (ix), a
   0107                     167 00107$:
                     0107   168 	C$_modulonglong.c$22$2_0$5	= .
                            169 	.globl	C$_modulonglong.c$22$2_0$5
                            170 ;_modulonglong.c:22: b >>= 1;
   0107 DD CB 15 3E   [23]  171 	srl	21 (ix)
   010B DD CB 14 1E   [23]  172 	rr	20 (ix)
   010F DD CB 13 1E   [23]  173 	rr	19 (ix)
   0113 DD CB 12 1E   [23]  174 	rr	18 (ix)
   0117 DD CB 11 1E   [23]  175 	rr	17 (ix)
   011B DD CB 10 1E   [23]  176 	rr	16 (ix)
   011F DD CB 0F 1E   [23]  177 	rr	15 (ix)
   0123 DD CB 0E 1E   [23]  178 	rr	14 (ix)
                     0127   179 	C$_modulonglong.c$24$1_0$2	= .
                            180 	.globl	C$_modulonglong.c$24$1_0$2
                            181 ;_modulonglong.c:24: while (count--);
   0127 79            [ 4]  182 	ld	a, c
   0128 0D            [ 4]  183 	dec	c
   0129 B7            [ 4]  184 	or	a, a
   012A C2r8Dr00      [10]  185 	jp	NZ, 00108$
                     012D   186 	C$_modulonglong.c$26$1_0$2	= .
                            187 	.globl	C$_modulonglong.c$26$1_0$2
                            188 ;_modulonglong.c:26: return a;
   012D 21 04 00      [10]  189 	ld	hl,#4
   0130 39            [11]  190 	add	hl,sp
   0131 5E            [ 7]  191 	ld	e, (hl)
   0132 23            [ 6]  192 	inc	hl
   0133 56            [ 7]  193 	ld	d, (hl)
   0134 21 06 00      [10]  194 	ld	hl, #6
   0137 39            [11]  195 	add	hl, sp
   0138 01 08 00      [10]  196 	ld	bc, #8
   013B ED B0         [21]  197 	ldir
                     013D   198 	C$_modulonglong.c$27$1_0$2	= .
                            199 	.globl	C$_modulonglong.c$27$1_0$2
                            200 ;_modulonglong.c:27: }
   013D DD E1         [14]  201 	pop	ix
                     013F   202 	C$_modulonglong.c$27$1_0$2	= .
                            203 	.globl	C$_modulonglong.c$27$1_0$2
                     013F   204 	XG$_modulonglong$0$0	= .
                            205 	.globl	XG$_modulonglong$0$0
   013F C9            [10]  206 	ret
                            207 	.area _HOME
                            208 ;--------------------------------------------------------
                            209 ; code
                            210 ;--------------------------------------------------------
                            211 	.area _CODE
                            212 	.area _CODE
                            213 	.area _INITIALIZER
                            214 	.area _CABS (ABS)
