                              1 ;--------------------------------------------------------
                              2 ; File Created by SDCC : free open source ANSI-C Compiler
                              3 ; Version 3.8.0 #10562 (Linux)
                              4 ;--------------------------------------------------------
                              5 	.module _modslonglong
                              6 	.optsdcc -mz80
                              7 	
                              8 ;--------------------------------------------------------
                              9 ; Public variables in this module
                             10 ;--------------------------------------------------------
                             11 	.globl __modslonglong
                             12 ;--------------------------------------------------------
                             13 ; special function registers
                             14 ;--------------------------------------------------------
                             15 ;--------------------------------------------------------
                             16 ; ram data
                             17 ;--------------------------------------------------------
                             18 	.area _DATA
                             19 ;--------------------------------------------------------
                             20 ; ram data
                             21 ;--------------------------------------------------------
                             22 	.area _INITIALIZED
                             23 ;--------------------------------------------------------
                             24 ; absolute external ram data
                             25 ;--------------------------------------------------------
                             26 	.area _DABS (ABS)
                             27 ;--------------------------------------------------------
                             28 ; global & static initialisations
                             29 ;--------------------------------------------------------
                             30 	.area _HOME
                             31 	.area _GSINIT
                             32 	.area _GSFINAL
                             33 	.area _GSINIT
                             34 ;--------------------------------------------------------
                             35 ; Home
                             36 ;--------------------------------------------------------
                             37 	.area _HOME
                     0000    38 	G$_modslonglong$0$0	= .
                             39 	.globl	G$_modslonglong$0$0
                     0000    40 	C$_modslonglong.c$5$0_0$2	= .
                             41 	.globl	C$_modslonglong.c$5$0_0$2
                             42 ;_modslonglong.c:5: _modslonglong (long long numerator, long long denominator)
                             43 ;	---------------------------------
                             44 ; Function _modslonglong
                             45 ; ---------------------------------
   0000                      46 __modslonglong::
   0000 DD E5         [15]   47 	push	ix
   0002 DD 21 00 00   [14]   48 	ld	ix,#0
   0006 DD 39         [15]   49 	add	ix,sp
   0008 21 E8 FF      [10]   50 	ld	hl, #-24
   000B 39            [11]   51 	add	hl, sp
   000C F9            [ 6]   52 	ld	sp, hl
                     000D    53 	C$_modslonglong.c$7$1_0$2	= .
                             54 	.globl	C$_modslonglong.c$7$1_0$2
                             55 ;_modslonglong.c:7: bool numeratorneg = (numerator < 0);
   000D DD 7E 0D      [19]   56 	ld	a, 13 (ix)
   0010 07            [ 4]   57 	rlca
   0011 E6 01         [ 7]   58 	and	a,#0x01
   0013 4F            [ 4]   59 	ld	c, a
   0014 06 00         [ 7]   60 	ld	b, #0x00
                     0016    61 	C$_modslonglong.c$8$1_0$2	= .
                             62 	.globl	C$_modslonglong.c$8$1_0$2
                             63 ;_modslonglong.c:8: bool denominatorneg = (denominator < 0);
   0016 DD 7E 15      [19]   64 	ld	a, 21 (ix)
   0019 07            [ 4]   65 	rlca
   001A E6 01         [ 7]   66 	and	a,#0x01
   001C 5F            [ 4]   67 	ld	e, a
   001D 16 00         [ 7]   68 	ld	d, #0x00
                     001F    69 	C$_modslonglong.c$11$1_0$2	= .
                             70 	.globl	C$_modslonglong.c$11$1_0$2
                             71 ;_modslonglong.c:11: if (numeratorneg)
   001F 78            [ 4]   72 	ld	a, b
   0020 B1            [ 4]   73 	or	a, c
   0021 28 3F         [12]   74 	jr	Z,00102$
                     0023    75 	C$_modslonglong.c$12$1_0$2	= .
                             76 	.globl	C$_modslonglong.c$12$1_0$2
                             77 ;_modslonglong.c:12: numerator = -numerator;
   0023 AF            [ 4]   78 	xor	a, a
   0024 DD 96 06      [19]   79 	sub	a, 6 (ix)
   0027 DD 77 06      [19]   80 	ld	6 (ix), a
   002A 3E 00         [ 7]   81 	ld	a, #0x00
   002C DD 9E 07      [19]   82 	sbc	a, 7 (ix)
   002F DD 77 07      [19]   83 	ld	7 (ix), a
   0032 3E 00         [ 7]   84 	ld	a, #0x00
   0034 DD 9E 08      [19]   85 	sbc	a, 8 (ix)
   0037 DD 77 08      [19]   86 	ld	8 (ix), a
   003A 3E 00         [ 7]   87 	ld	a, #0x00
   003C DD 9E 09      [19]   88 	sbc	a, 9 (ix)
   003F DD 77 09      [19]   89 	ld	9 (ix), a
   0042 3E 00         [ 7]   90 	ld	a, #0x00
   0044 DD 9E 0A      [19]   91 	sbc	a, 10 (ix)
   0047 DD 77 0A      [19]   92 	ld	10 (ix), a
   004A 3E 00         [ 7]   93 	ld	a, #0x00
   004C DD 9E 0B      [19]   94 	sbc	a, 11 (ix)
   004F DD 77 0B      [19]   95 	ld	11 (ix), a
   0052 3E 00         [ 7]   96 	ld	a, #0x00
   0054 DD 9E 0C      [19]   97 	sbc	a, 12 (ix)
   0057 DD 77 0C      [19]   98 	ld	12 (ix), a
   005A 3E 00         [ 7]   99 	ld	a, #0x00
   005C DD 9E 0D      [19]  100 	sbc	a, 13 (ix)
   005F DD 77 0D      [19]  101 	ld	13 (ix), a
   0062                     102 00102$:
                     0062   103 	C$_modslonglong.c$13$1_0$2	= .
                            104 	.globl	C$_modslonglong.c$13$1_0$2
                            105 ;_modslonglong.c:13: if (denominatorneg)
   0062 7A            [ 4]  106 	ld	a, d
   0063 B3            [ 4]  107 	or	a, e
   0064 28 3F         [12]  108 	jr	Z,00104$
                     0066   109 	C$_modslonglong.c$14$1_0$2	= .
                            110 	.globl	C$_modslonglong.c$14$1_0$2
                            111 ;_modslonglong.c:14: denominator = -denominator;
   0066 AF            [ 4]  112 	xor	a, a
   0067 DD 96 0E      [19]  113 	sub	a, 14 (ix)
   006A DD 77 0E      [19]  114 	ld	14 (ix), a
   006D 3E 00         [ 7]  115 	ld	a, #0x00
   006F DD 9E 0F      [19]  116 	sbc	a, 15 (ix)
   0072 DD 77 0F      [19]  117 	ld	15 (ix), a
   0075 3E 00         [ 7]  118 	ld	a, #0x00
   0077 DD 9E 10      [19]  119 	sbc	a, 16 (ix)
   007A DD 77 10      [19]  120 	ld	16 (ix), a
   007D 3E 00         [ 7]  121 	ld	a, #0x00
   007F DD 9E 11      [19]  122 	sbc	a, 17 (ix)
   0082 DD 77 11      [19]  123 	ld	17 (ix), a
   0085 3E 00         [ 7]  124 	ld	a, #0x00
   0087 DD 9E 12      [19]  125 	sbc	a, 18 (ix)
   008A DD 77 12      [19]  126 	ld	18 (ix), a
   008D 3E 00         [ 7]  127 	ld	a, #0x00
   008F DD 9E 13      [19]  128 	sbc	a, 19 (ix)
   0092 DD 77 13      [19]  129 	ld	19 (ix), a
   0095 3E 00         [ 7]  130 	ld	a, #0x00
   0097 DD 9E 14      [19]  131 	sbc	a, 20 (ix)
   009A DD 77 14      [19]  132 	ld	20 (ix), a
   009D 3E 00         [ 7]  133 	ld	a, #0x00
   009F DD 9E 15      [19]  134 	sbc	a, 21 (ix)
   00A2 DD 77 15      [19]  135 	ld	21 (ix), a
   00A5                     136 00104$:
                     00A5   137 	C$_modslonglong.c$16$1_0$2	= .
                            138 	.globl	C$_modslonglong.c$16$1_0$2
                            139 ;_modslonglong.c:16: r = (unsigned long long)numerator % (unsigned long long)denominator;
   00A5 C5            [11]  140 	push	bc
   00A6 21 12 00      [10]  141 	ld	hl, #18
   00A9 39            [11]  142 	add	hl, sp
   00AA EB            [ 4]  143 	ex	de, hl
   00AB 21 20 00      [10]  144 	ld	hl, #32
   00AE 39            [11]  145 	add	hl, sp
   00AF 01 08 00      [10]  146 	ld	bc, #8
   00B2 ED B0         [21]  147 	ldir
   00B4 21 0A 00      [10]  148 	ld	hl, #10
   00B7 39            [11]  149 	add	hl, sp
   00B8 EB            [ 4]  150 	ex	de, hl
   00B9 21 28 00      [10]  151 	ld	hl, #40
   00BC 39            [11]  152 	add	hl, sp
   00BD 01 08 00      [10]  153 	ld	bc, #8
   00C0 ED B0         [21]  154 	ldir
   00C2 DD 5E F6      [19]  155 	ld	e, -10 (ix)
   00C5 DD 56 F7      [19]  156 	ld	d, -9 (ix)
   00C8 D5            [11]  157 	push	de
   00C9 DD 5E F4      [19]  158 	ld	e, -12 (ix)
   00CC DD 56 F5      [19]  159 	ld	d, -11 (ix)
   00CF D5            [11]  160 	push	de
   00D0 DD 5E F2      [19]  161 	ld	e, -14 (ix)
   00D3 DD 56 F3      [19]  162 	ld	d, -13 (ix)
   00D6 D5            [11]  163 	push	de
   00D7 DD 5E F0      [19]  164 	ld	e, -16 (ix)
   00DA DD 56 F1      [19]  165 	ld	d, -15 (ix)
   00DD D5            [11]  166 	push	de
   00DE DD 5E FE      [19]  167 	ld	e, -2 (ix)
   00E1 DD 56 FF      [19]  168 	ld	d, -1 (ix)
   00E4 D5            [11]  169 	push	de
   00E5 DD 5E FC      [19]  170 	ld	e, -4 (ix)
   00E8 DD 56 FD      [19]  171 	ld	d, -3 (ix)
   00EB D5            [11]  172 	push	de
   00EC DD 5E FA      [19]  173 	ld	e, -6 (ix)
   00EF DD 56 FB      [19]  174 	ld	d, -5 (ix)
   00F2 D5            [11]  175 	push	de
   00F3 DD 5E F8      [19]  176 	ld	e, -8 (ix)
   00F6 DD 56 F9      [19]  177 	ld	d, -7 (ix)
   00F9 D5            [11]  178 	push	de
   00FA 21 12 00      [10]  179 	ld	hl, #0x0012
   00FD 39            [11]  180 	add	hl, sp
   00FE E5            [11]  181 	push	hl
   00FF CDr00r00      [17]  182 	call	__modulonglong
   0102 21 12 00      [10]  183 	ld	hl,#18
   0105 39            [11]  184 	add	hl,sp
   0106 F9            [ 6]  185 	ld	sp,hl
   0107 C1            [10]  186 	pop	bc
                     0108   187 	C$_modslonglong.c$18$1_0$2	= .
                            188 	.globl	C$_modslonglong.c$18$1_0$2
                            189 ;_modslonglong.c:18: return (numeratorneg ? -r : r);
   0108 78            [ 4]  190 	ld	a, b
   0109 B1            [ 4]  191 	or	a, c
   010A 28 41         [12]  192 	jr	Z,00107$
   010C AF            [ 4]  193 	xor	a, a
   010D DD 96 E8      [19]  194 	sub	a, -24 (ix)
   0110 DD 77 F0      [19]  195 	ld	-16 (ix), a
   0113 3E 00         [ 7]  196 	ld	a, #0x00
   0115 DD 9E E9      [19]  197 	sbc	a, -23 (ix)
   0118 DD 77 F1      [19]  198 	ld	-15 (ix), a
   011B 3E 00         [ 7]  199 	ld	a, #0x00
   011D DD 9E EA      [19]  200 	sbc	a, -22 (ix)
   0120 DD 77 F2      [19]  201 	ld	-14 (ix), a
   0123 3E 00         [ 7]  202 	ld	a, #0x00
   0125 DD 9E EB      [19]  203 	sbc	a, -21 (ix)
   0128 DD 77 F3      [19]  204 	ld	-13 (ix), a
   012B 3E 00         [ 7]  205 	ld	a, #0x00
   012D DD 9E EC      [19]  206 	sbc	a, -20 (ix)
   0130 DD 77 F4      [19]  207 	ld	-12 (ix), a
   0133 3E 00         [ 7]  208 	ld	a, #0x00
   0135 DD 9E ED      [19]  209 	sbc	a, -19 (ix)
   0138 DD 77 F5      [19]  210 	ld	-11 (ix), a
   013B 3E 00         [ 7]  211 	ld	a, #0x00
   013D DD 9E EE      [19]  212 	sbc	a, -18 (ix)
   0140 DD 77 F6      [19]  213 	ld	-10 (ix), a
   0143 3E 00         [ 7]  214 	ld	a, #0x00
   0145 DD 9E EF      [19]  215 	sbc	a, -17 (ix)
   0148 DD 77 F7      [19]  216 	ld	-9 (ix), a
   014B 18 0E         [12]  217 	jr	00108$
   014D                     218 00107$:
   014D 21 08 00      [10]  219 	ld	hl, #8
   0150 39            [11]  220 	add	hl, sp
   0151 EB            [ 4]  221 	ex	de, hl
   0152 21 00 00      [10]  222 	ld	hl, #0
   0155 39            [11]  223 	add	hl, sp
   0156 01 08 00      [10]  224 	ld	bc, #8
   0159 ED B0         [21]  225 	ldir
   015B                     226 00108$:
   015B 21 1C 00      [10]  227 	ld	hl,#28
   015E 39            [11]  228 	add	hl,sp
   015F 5E            [ 7]  229 	ld	e, (hl)
   0160 23            [ 6]  230 	inc	hl
   0161 56            [ 7]  231 	ld	d, (hl)
   0162 21 08 00      [10]  232 	ld	hl, #8
   0165 39            [11]  233 	add	hl, sp
   0166 01 08 00      [10]  234 	ld	bc, #8
   0169 ED B0         [21]  235 	ldir
                     016B   236 	C$_modslonglong.c$19$1_0$2	= .
                            237 	.globl	C$_modslonglong.c$19$1_0$2
                            238 ;_modslonglong.c:19: }
   016B DD F9         [10]  239 	ld	sp, ix
   016D DD E1         [14]  240 	pop	ix
                     016F   241 	C$_modslonglong.c$19$1_0$2	= .
                            242 	.globl	C$_modslonglong.c$19$1_0$2
                     016F   243 	XG$_modslonglong$0$0	= .
                            244 	.globl	XG$_modslonglong$0$0
   016F C9            [10]  245 	ret
                            246 	.area _HOME
                            247 ;--------------------------------------------------------
                            248 ; code
                            249 ;--------------------------------------------------------
                            250 	.area _CODE
                            251 	.area _CODE
                            252 	.area _INITIALIZER
                            253 	.area _CABS (ABS)
