                              1 ;--------------------------------------------------------
                              2 ; File Created by SDCC : free open source ANSI-C Compiler
                              3 ; Version 3.8.0 #10562 (Linux)
                              4 ;--------------------------------------------------------
                              5 	.module _rlslonglong
                              6 	.optsdcc -mz80
                              7 	
                              8 ;--------------------------------------------------------
                              9 ; Public variables in this module
                             10 ;--------------------------------------------------------
                             11 	.globl __rlslonglong
                             12 ;--------------------------------------------------------
                             13 ; special function registers
                             14 ;--------------------------------------------------------
                             15 ;--------------------------------------------------------
                             16 ; ram data
                             17 ;--------------------------------------------------------
                             18 	.area _DATA
                             19 ;--------------------------------------------------------
                             20 ; ram data
                             21 ;--------------------------------------------------------
                             22 	.area _INITIALIZED
                             23 ;--------------------------------------------------------
                             24 ; absolute external ram data
                             25 ;--------------------------------------------------------
                             26 	.area _DABS (ABS)
                             27 ;--------------------------------------------------------
                             28 ; global & static initialisations
                             29 ;--------------------------------------------------------
                             30 	.area _HOME
                             31 	.area _GSINIT
                             32 	.area _GSFINAL
                             33 	.area _GSINIT
                             34 ;--------------------------------------------------------
                             35 ; Home
                             36 ;--------------------------------------------------------
                             37 	.area _HOME
                     0000    38 	G$_rlslonglong$0$0	= .
                             39 	.globl	G$_rlslonglong$0$0
                     0000    40 	C$_rlslonglong.c$1$0_0$2	= .
                             41 	.globl	C$_rlslonglong.c$1$0_0$2
                             42 ;_rlslonglong.c:1: long long _rlslonglong(long long l, char s)
                             43 ;	---------------------------------
                             44 ; Function _rlslonglong
                             45 ; ---------------------------------
   0000                      46 __rlslonglong::
   0000 21 F8 FF      [10]   47 	ld	hl, #-8
   0003 39            [11]   48 	add	hl, sp
   0004 F9            [ 6]   49 	ld	sp, hl
                     0005    50 	C$_rlslonglong.c$3$1_0$2	= .
                             51 	.globl	C$_rlslonglong.c$3$1_0$2
                             52 ;_rlslonglong.c:3: return((unsigned long long)(l) << s);
   0005 21 00 00      [10]   53 	ld	hl, #0
   0008 39            [11]   54 	add	hl, sp
   0009 EB            [ 4]   55 	ex	de, hl
   000A 21 0C 00      [10]   56 	ld	hl, #12
   000D 39            [11]   57 	add	hl, sp
   000E 01 08 00      [10]   58 	ld	bc, #8
   0011 ED B0         [21]   59 	ldir
   0013 21 14 00      [10]   60 	ld	hl, #20+0
   0016 39            [11]   61 	add	hl, sp
   0017 46            [ 7]   62 	ld	b, (hl)
   0018 04            [ 4]   63 	inc	b
   0019 18 26         [12]   64 	jr	00104$
   001B                      65 00103$:
   001B FD 21 00 00   [14]   66 	ld	iy, #0
   001F FD 39         [15]   67 	add	iy, sp
   0021 FD CB 00 26   [23]   68 	sla	0 (iy)
   0025 FD CB 01 16   [23]   69 	rl	1 (iy)
   0029 FD CB 02 16   [23]   70 	rl	2 (iy)
   002D FD CB 03 16   [23]   71 	rl	3 (iy)
   0031 FD CB 04 16   [23]   72 	rl	4 (iy)
   0035 FD CB 05 16   [23]   73 	rl	5 (iy)
   0039 FD CB 06 16   [23]   74 	rl	6 (iy)
   003D FD CB 07 16   [23]   75 	rl	7 (iy)
   0041                      76 00104$:
   0041 10 D8         [13]   77 	djnz	00103$
   0043 21 0A 00      [10]   78 	ld	hl,#10
   0046 39            [11]   79 	add	hl,sp
   0047 5E            [ 7]   80 	ld	e, (hl)
   0048 23            [ 6]   81 	inc	hl
   0049 56            [ 7]   82 	ld	d, (hl)
   004A 21 00 00      [10]   83 	ld	hl, #0
   004D 39            [11]   84 	add	hl, sp
   004E 01 08 00      [10]   85 	ld	bc, #8
   0051 ED B0         [21]   86 	ldir
                     0053    87 	C$_rlslonglong.c$4$1_0$2	= .
                             88 	.globl	C$_rlslonglong.c$4$1_0$2
                             89 ;_rlslonglong.c:4: }
   0053 21 08 00      [10]   90 	ld	hl, #8
   0056 39            [11]   91 	add	hl, sp
   0057 F9            [ 6]   92 	ld	sp, hl
                     0058    93 	C$_rlslonglong.c$4$1_0$2	= .
                             94 	.globl	C$_rlslonglong.c$4$1_0$2
                     0058    95 	XG$_rlslonglong$0$0	= .
                             96 	.globl	XG$_rlslonglong$0$0
   0058 C9            [10]   97 	ret
                             98 	.area _HOME
                             99 ;--------------------------------------------------------
                            100 ; code
                            101 ;--------------------------------------------------------
                            102 	.area _CODE
                            103 	.area _CODE
                            104 	.area _INITIALIZER
                            105 	.area _CABS (ABS)
