                              1 ;--------------------------------------------------------
                              2 ; File Created by SDCC : free open source ANSI-C Compiler
                              3 ; Version 3.8.0 #10562 (Linux)
                              4 ;--------------------------------------------------------
                              5 	.module _schar2fs
                              6 	.optsdcc -mz80
                              7 	
                              8 ;--------------------------------------------------------
                              9 ; Public variables in this module
                             10 ;--------------------------------------------------------
                             11 	.globl ___slong2fs
                             12 	.globl ___schar2fs
                             13 ;--------------------------------------------------------
                             14 ; special function registers
                             15 ;--------------------------------------------------------
                             16 ;--------------------------------------------------------
                             17 ; ram data
                             18 ;--------------------------------------------------------
                             19 	.area _DATA
                             20 ;--------------------------------------------------------
                             21 ; ram data
                             22 ;--------------------------------------------------------
                             23 	.area _INITIALIZED
                             24 ;--------------------------------------------------------
                             25 ; absolute external ram data
                             26 ;--------------------------------------------------------
                             27 	.area _DABS (ABS)
                             28 ;--------------------------------------------------------
                             29 ; global & static initialisations
                             30 ;--------------------------------------------------------
                             31 	.area _HOME
                             32 	.area _GSINIT
                             33 	.area _GSFINAL
                             34 	.area _GSINIT
                             35 ;--------------------------------------------------------
                             36 ; Home
                             37 ;--------------------------------------------------------
                             38 	.area _HOME
                     0000    39 	G$__schar2fs$0$0	= .
                             40 	.globl	G$__schar2fs$0$0
                     0000    41 	C$_schar2fs.c$34$0_0$21	= .
                             42 	.globl	C$_schar2fs.c$34$0_0$21
                             43 ;_schar2fs.c:34: float __schar2fs (signed char sc) {
                             44 ;	---------------------------------
                             45 ; Function __schar2fs
                             46 ; ---------------------------------
   0000                      47 ___schar2fs::
                     0000    48 	C$_schar2fs.c$35$1_0$21	= .
                             49 	.globl	C$_schar2fs.c$35$1_0$21
                             50 ;_schar2fs.c:35: return __slong2fs(sc);
   0000 21 02 00      [10]   51 	ld	hl, #2+0
   0003 39            [11]   52 	add	hl, sp
   0004 7E            [ 7]   53 	ld	a, (hl)
   0005 4F            [ 4]   54 	ld	c, a
   0006 17            [ 4]   55 	rla
   0007 9F            [ 4]   56 	sbc	a, a
   0008 47            [ 4]   57 	ld	b, a
   0009 5F            [ 4]   58 	ld	e, a
   000A 57            [ 4]   59 	ld	d, a
   000B D5            [11]   60 	push	de
   000C C5            [11]   61 	push	bc
   000D CDr00r00      [17]   62 	call	___slong2fs
   0010 F1            [10]   63 	pop	af
   0011 F1            [10]   64 	pop	af
                     0012    65 	C$_schar2fs.c$36$1_0$21	= .
                             66 	.globl	C$_schar2fs.c$36$1_0$21
                             67 ;_schar2fs.c:36: }
                     0012    68 	C$_schar2fs.c$36$1_0$21	= .
                             69 	.globl	C$_schar2fs.c$36$1_0$21
                     0012    70 	XG$__schar2fs$0$0	= .
                             71 	.globl	XG$__schar2fs$0$0
   0012 C9            [10]   72 	ret
                             73 	.area _HOME
                             74 ;--------------------------------------------------------
                             75 ; code
                             76 ;--------------------------------------------------------
                             77 	.area _CODE
                             78 	.area _CODE
                             79 	.area _INITIALIZER
                             80 	.area _CABS (ABS)
