                              1 ;--------------------------------------------------------
                              2 ; File Created by SDCC : free open source ANSI-C Compiler
                              3 ; Version 3.8.0 #10562 (Linux)
                              4 ;--------------------------------------------------------
                              5 	.module _sint2fs
                              6 	.optsdcc -mz80
                              7 	
                              8 ;--------------------------------------------------------
                              9 ; Public variables in this module
                             10 ;--------------------------------------------------------
                             11 	.globl ___slong2fs
                             12 	.globl ___sint2fs
                             13 ;--------------------------------------------------------
                             14 ; special function registers
                             15 ;--------------------------------------------------------
                             16 ;--------------------------------------------------------
                             17 ; ram data
                             18 ;--------------------------------------------------------
                             19 	.area _DATA
                             20 ;--------------------------------------------------------
                             21 ; ram data
                             22 ;--------------------------------------------------------
                             23 	.area _INITIALIZED
                             24 ;--------------------------------------------------------
                             25 ; absolute external ram data
                             26 ;--------------------------------------------------------
                             27 	.area _DABS (ABS)
                             28 ;--------------------------------------------------------
                             29 ; global & static initialisations
                             30 ;--------------------------------------------------------
                             31 	.area _HOME
                             32 	.area _GSINIT
                             33 	.area _GSFINAL
                             34 	.area _GSINIT
                             35 ;--------------------------------------------------------
                             36 ; Home
                             37 ;--------------------------------------------------------
                             38 	.area _HOME
                     0000    39 	G$__sint2fs$0$0	= .
                             40 	.globl	G$__sint2fs$0$0
                     0000    41 	C$_sint2fs.c$35$0_0$21	= .
                             42 	.globl	C$_sint2fs.c$35$0_0$21
                             43 ;_sint2fs.c:35: float __sint2fs (signed int si) {
                             44 ;	---------------------------------
                             45 ; Function __sint2fs
                             46 ; ---------------------------------
   0000                      47 ___sint2fs::
                     0000    48 	C$_sint2fs.c$36$1_0$21	= .
                             49 	.globl	C$_sint2fs.c$36$1_0$21
                             50 ;_sint2fs.c:36: return __slong2fs(si);
   0000 21 02 00      [10]   51 	ld	hl, #2
   0003 39            [11]   52 	add	hl, sp
   0004 4E            [ 7]   53 	ld	c, (hl)
   0005 23            [ 6]   54 	inc	hl
   0006 7E            [ 7]   55 	ld	a, (hl)
   0007 47            [ 4]   56 	ld	b, a
   0008 17            [ 4]   57 	rla
   0009 9F            [ 4]   58 	sbc	a, a
   000A 5F            [ 4]   59 	ld	e, a
   000B 57            [ 4]   60 	ld	d, a
   000C D5            [11]   61 	push	de
   000D C5            [11]   62 	push	bc
   000E CDr00r00      [17]   63 	call	___slong2fs
   0011 F1            [10]   64 	pop	af
   0012 F1            [10]   65 	pop	af
                     0013    66 	C$_sint2fs.c$37$1_0$21	= .
                             67 	.globl	C$_sint2fs.c$37$1_0$21
                             68 ;_sint2fs.c:37: }
                     0013    69 	C$_sint2fs.c$37$1_0$21	= .
                             70 	.globl	C$_sint2fs.c$37$1_0$21
                     0013    71 	XG$__sint2fs$0$0	= .
                             72 	.globl	XG$__sint2fs$0$0
   0013 C9            [10]   73 	ret
                             74 	.area _HOME
                             75 ;--------------------------------------------------------
                             76 ; code
                             77 ;--------------------------------------------------------
                             78 	.area _CODE
                             79 	.area _CODE
                             80 	.area _INITIALIZER
                             81 	.area _CABS (ABS)
