                              1 ;--------------------------------------------------------
                              2 ; File Created by SDCC : free open source ANSI-C Compiler
                              3 ; Version 3.8.0 #10562 (Linux)
                              4 ;--------------------------------------------------------
                              5 	.module _uchar2fs
                              6 	.optsdcc -mz80
                              7 	
                              8 ;--------------------------------------------------------
                              9 ; Public variables in this module
                             10 ;--------------------------------------------------------
                             11 	.globl ___ulong2fs
                             12 	.globl ___uchar2fs
                             13 ;--------------------------------------------------------
                             14 ; special function registers
                             15 ;--------------------------------------------------------
                             16 ;--------------------------------------------------------
                             17 ; ram data
                             18 ;--------------------------------------------------------
                             19 	.area _DATA
                             20 ;--------------------------------------------------------
                             21 ; ram data
                             22 ;--------------------------------------------------------
                             23 	.area _INITIALIZED
                             24 ;--------------------------------------------------------
                             25 ; absolute external ram data
                             26 ;--------------------------------------------------------
                             27 	.area _DABS (ABS)
                             28 ;--------------------------------------------------------
                             29 ; global & static initialisations
                             30 ;--------------------------------------------------------
                             31 	.area _HOME
                             32 	.area _GSINIT
                             33 	.area _GSFINAL
                             34 	.area _GSINIT
                             35 ;--------------------------------------------------------
                             36 ; Home
                             37 ;--------------------------------------------------------
                             38 	.area _HOME
                     0000    39 	G$__uchar2fs$0$0	= .
                             40 	.globl	G$__uchar2fs$0$0
                     0000    41 	C$_uchar2fs.c$34$0_0$21	= .
                             42 	.globl	C$_uchar2fs.c$34$0_0$21
                             43 ;_uchar2fs.c:34: float __uchar2fs (unsigned char uc) {
                             44 ;	---------------------------------
                             45 ; Function __uchar2fs
                             46 ; ---------------------------------
   0000                      47 ___uchar2fs::
                     0000    48 	C$_uchar2fs.c$35$1_0$21	= .
                             49 	.globl	C$_uchar2fs.c$35$1_0$21
                             50 ;_uchar2fs.c:35: return __ulong2fs(uc);
   0000 21 02 00      [10]   51 	ld	hl, #2+0
   0003 39            [11]   52 	add	hl, sp
   0004 4E            [ 7]   53 	ld	c, (hl)
   0005 06 00         [ 7]   54 	ld	b, #0x00
   0007 11 00 00      [10]   55 	ld	de, #0x0000
   000A D5            [11]   56 	push	de
   000B C5            [11]   57 	push	bc
   000C CDr00r00      [17]   58 	call	___ulong2fs
   000F F1            [10]   59 	pop	af
   0010 F1            [10]   60 	pop	af
                     0011    61 	C$_uchar2fs.c$36$1_0$21	= .
                             62 	.globl	C$_uchar2fs.c$36$1_0$21
                             63 ;_uchar2fs.c:36: }
                     0011    64 	C$_uchar2fs.c$36$1_0$21	= .
                             65 	.globl	C$_uchar2fs.c$36$1_0$21
                     0011    66 	XG$__uchar2fs$0$0	= .
                             67 	.globl	XG$__uchar2fs$0$0
   0011 C9            [10]   68 	ret
                             69 	.area _HOME
                             70 ;--------------------------------------------------------
                             71 ; code
                             72 ;--------------------------------------------------------
                             73 	.area _CODE
                             74 	.area _CODE
                             75 	.area _INITIALIZER
                             76 	.area _CABS (ABS)
