                              1 ;--------------------------------------------------------
                              2 ; File Created by SDCC : free open source ANSI-C Compiler
                              3 ; Version 3.8.0 #10562 (Linux)
                              4 ;--------------------------------------------------------
                              5 	.module _uint2fs
                              6 	.optsdcc -mz80
                              7 	
                              8 ;--------------------------------------------------------
                              9 ; Public variables in this module
                             10 ;--------------------------------------------------------
                             11 	.globl ___ulong2fs
                             12 	.globl ___uint2fs
                             13 ;--------------------------------------------------------
                             14 ; special function registers
                             15 ;--------------------------------------------------------
                             16 ;--------------------------------------------------------
                             17 ; ram data
                             18 ;--------------------------------------------------------
                             19 	.area _DATA
                             20 ;--------------------------------------------------------
                             21 ; ram data
                             22 ;--------------------------------------------------------
                             23 	.area _INITIALIZED
                             24 ;--------------------------------------------------------
                             25 ; absolute external ram data
                             26 ;--------------------------------------------------------
                             27 	.area _DABS (ABS)
                             28 ;--------------------------------------------------------
                             29 ; global & static initialisations
                             30 ;--------------------------------------------------------
                             31 	.area _HOME
                             32 	.area _GSINIT
                             33 	.area _GSFINAL
                             34 	.area _GSINIT
                             35 ;--------------------------------------------------------
                             36 ; Home
                             37 ;--------------------------------------------------------
                             38 	.area _HOME
                     0000    39 	G$__uint2fs$0$0	= .
                             40 	.globl	G$__uint2fs$0$0
                     0000    41 	C$_uint2fs.c$33$0_0$21	= .
                             42 	.globl	C$_uint2fs.c$33$0_0$21
                             43 ;_uint2fs.c:33: float __uint2fs (unsigned int ui) {
                             44 ;	---------------------------------
                             45 ; Function __uint2fs
                             46 ; ---------------------------------
   0000                      47 ___uint2fs::
                     0000    48 	C$_uint2fs.c$34$1_0$21	= .
                             49 	.globl	C$_uint2fs.c$34$1_0$21
                             50 ;_uint2fs.c:34: return __ulong2fs(ui);
   0000 21 02 00      [10]   51 	ld	hl, #2
   0003 39            [11]   52 	add	hl, sp
   0004 4E            [ 7]   53 	ld	c, (hl)
   0005 23            [ 6]   54 	inc	hl
   0006 46            [ 7]   55 	ld	b, (hl)
   0007 11 00 00      [10]   56 	ld	de, #0x0000
   000A D5            [11]   57 	push	de
   000B C5            [11]   58 	push	bc
   000C CDr00r00      [17]   59 	call	___ulong2fs
   000F F1            [10]   60 	pop	af
   0010 F1            [10]   61 	pop	af
                     0011    62 	C$_uint2fs.c$35$1_0$21	= .
                             63 	.globl	C$_uint2fs.c$35$1_0$21
                             64 ;_uint2fs.c:35: }
                     0011    65 	C$_uint2fs.c$35$1_0$21	= .
                             66 	.globl	C$_uint2fs.c$35$1_0$21
                     0011    67 	XG$__uint2fs$0$0	= .
                             68 	.globl	XG$__uint2fs$0$0
   0011 C9            [10]   69 	ret
                             70 	.area _HOME
                             71 ;--------------------------------------------------------
                             72 ; code
                             73 ;--------------------------------------------------------
                             74 	.area _CODE
                             75 	.area _CODE
                             76 	.area _INITIALIZER
                             77 	.area _CABS (ABS)
