ASxxxx Assembler V02.00 + NoICE + SDCC mods  (Zilog Z80 / Hitachi HD64180 / ZX-Next), page 1.
Hexadecimal [16-Bits]



                              1 ;--------------------------------------------------------------------------
                              2 ;  divmixed.s
                              3 ;
                              4 ;  Copyright (C) 2010, Philipp Klaus Krause
                              5 ;
                              6 ;  This library is free software; you can redistribute it and/or modify it
                              7 ;  under the terms of the GNU General Public License as published by the
                              8 ;  Free Software Foundation; either version 2, or (at your option) any
                              9 ;  later version.
                             10 ;
                             11 ;  This library is distributed in the hope that it will be useful,
                             12 ;  but WITHOUT ANY WARRANTY; without even the implied warranty of
                             13 ;  MERCHANTABILITY or FITNESS FOR A PARTICULAR PURPOSE. See the
                             14 ;  GNU General Public License for more details.
                             15 ;
                             16 ;  You should have received a copy of the GNU General Public License 
                             17 ;  along with this library; see the file COPYING. If not, write to the
                             18 ;  Free Software Foundation, 51 Franklin Street, Fifth Floor, Boston,
                             19 ;   MA 02110-1301, USA.
                             20 ;
                             21 ;  As a special exception, if you link this library with other files,
                             22 ;  some of which are compiled with SDCC, to produce an executable,
                             23 ;  this library does not by itself cause the resulting executable to
                             24 ;  be covered by the GNU General Public License. This exception does
                             25 ;  not however invalidate any other reasons why the executable file
                             26 ;   might be covered by the GNU General Public License.
                             27 ;--------------------------------------------------------------------------
                             28 
                             29 .globl	__divsuchar
                             30 .globl	__divuschar
                             31 
   0000                      32 __divsuchar:
   0000 21 03 00      [10]   33 	ld	hl, #2+1
   0003 39            [11]   34 	add	hl, sp
                             35 
   0004 5E            [ 7]   36 	ld	e, (hl)
   0005 2B            [ 6]   37 	dec	hl
   0006 6E            [ 7]   38 	ld	l, (hl)
   0007 26 00         [ 7]   39 	ld	h, #0
                             40 
   0009 C3 00 00      [10]   41 	jp	__div_signexte
                             42 
   000C                      43 __divuschar:
   000C 21 03 00      [10]   44 	ld	hl, #2+1
   000F 54            [ 4]   45 	ld	d, h
   0010 39            [11]   46 	add	hl, sp
                             47 
   0011 5E            [ 7]   48 	ld	e, (hl)
   0012 2B            [ 6]   49 	dec	hl
   0013 6E            [ 7]   50 	ld	l, (hl)
                             51 
   0014 7D            [ 4]   52 	ld 	a, l	; Sign extend
   0015 07            [ 4]   53 	rlca
   0016 9F            [ 4]   54 	sbc	a, a
   0017 67            [ 4]   55 	ld	h, a
ASxxxx Assembler V02.00 + NoICE + SDCC mods  (Zilog Z80 / Hitachi HD64180 / ZX-Next), page 2.
Hexadecimal [16-Bits]



                             56 
   0018 C3 00 00      [10]   57 	jp	__div16
                             58 
