ASxxxx Assembler V02.00 + NoICE + SDCC mods  (Zilog Z80 / Hitachi HD64180 / ZX-Next), page 1.
Hexadecimal [16-Bits]



                              1 ;--------------------------------------------------------------------------
                              2 ;  modunsigned.s
                              3 ;
                              4 ;  Copyright (C) 2009-2010, Philipp Klaus Krause
                              5 ;
                              6 ;  This library is free software; you can redistribute it and/or modify it
                              7 ;  under the terms of the GNU General Public License as published by the
                              8 ;  Free Software Foundation; either version 2, or (at your option) any
                              9 ;  later version.
                             10 ;
                             11 ;  This library is distributed in the hope that it will be useful,
                             12 ;  but WITHOUT ANY WARRANTY; without even the implied warranty of
                             13 ;  MERCHANTABILITY or FITNESS FOR A PARTICULAR PURPOSE. See the
                             14 ;  GNU General Public License for more details.
                             15 ;
                             16 ;  You should have received a copy of the GNU General Public License 
                             17 ;  along with this library; see the file COPYING. If not, write to the
                             18 ;  Free Software Foundation, 51 Franklin Street, Fifth Floor, Boston,
                             19 ;   MA 02110-1301, USA.
                             20 ;
                             21 ;  As a special exception, if you link this library with other files,
                             22 ;  some of which are compiled with SDCC, to produce an executable,
                             23 ;  this library does not by itself cause the resulting executable to
                             24 ;  be covered by the GNU General Public License. This exception does
                             25 ;  not however invalidate any other reasons why the executable file
                             26 ;   might be covered by the GNU General Public License.
                             27 ;--------------------------------------------------------------------------
                             28 
                             29 .area   _CODE
                             30 
                             31 .globl	__moduchar
                             32 .globl	__moduint
                             33 
   0000                      34 __moduchar:
   0000 21 03 00      [10]   35         ld      hl,#2+1
   0003 39            [11]   36         add     hl,sp
                             37 
   0004 5E            [ 7]   38         ld      e,(hl)
   0005 2B            [ 6]   39         dec     hl
   0006 6E            [ 7]   40         ld      l,(hl)
                             41 
   0007 CD 00 00      [17]   42         call    __divu8
                             43 
   000A EB            [ 4]   44 	ex	de,hl
                             45 
   000B C9            [10]   46         ret
                             47 
   000C                      48 __moduint:
   000C F1            [10]   49         pop     af
   000D E1            [10]   50         pop     hl
   000E D1            [10]   51         pop     de
   000F D5            [11]   52         push    de
   0010 E5            [11]   53         push    hl
   0011 F5            [11]   54         push    af
                             55 
ASxxxx Assembler V02.00 + NoICE + SDCC mods  (Zilog Z80 / Hitachi HD64180 / ZX-Next), page 2.
Hexadecimal [16-Bits]



   0012 CD 00 00      [17]   56         call    __divu16
                             57 
   0015 EB            [ 4]   58         ex      de,hl
                             59 
   0016 C9            [10]   60         ret
                             61 
