ASxxxx Assembler V02.00 + NoICE + SDCC mods  (Zilog Z80 / Hitachi HD64180 / ZX-Next), page 1.
Hexadecimal [16-Bits]



                              1 ;--------------------------------------------------------------------------
                              2 ;  mulchar.s
                              3 ;
                              4 ;  Copyright (C) 2000, Michael Hope
                              5 ;
                              6 ;  This library is free software; you can redistribute it and/or modify it
                              7 ;  under the terms of the GNU General Public License as published by the
                              8 ;  Free Software Foundation; either version 2, or (at your option) any
                              9 ;  later version.
                             10 ;
                             11 ;  This library is distributed in the hope that it will be useful,
                             12 ;  but WITHOUT ANY WARRANTY; without even the implied warranty of
                             13 ;  MERCHANTABILITY or FITNESS FOR A PARTICULAR PURPOSE. See the
                             14 ;  GNU General Public License for more details.
                             15 ;
                             16 ;  You should have received a copy of the GNU General Public License 
                             17 ;  along with this library; see the file COPYING. If not, write to the
                             18 ;  Free Software Foundation, 51 Franklin Street, Fifth Floor, Boston,
                             19 ;   MA 02110-1301, USA.
                             20 ;
                             21 ;  As a special exception, if you link this library with other files,
                             22 ;  some of which are compiled with SDCC, to produce an executable,
                             23 ;  this library does not by itself cause the resulting executable to
                             24 ;  be covered by the GNU General Public License. This exception does
                             25 ;  not however invalidate any other reasons why the executable file
                             26 ;   might be covered by the GNU General Public License.
                             27 ;--------------------------------------------------------------------------
                             28 
                             29 .area   _CODE
                             30 
                             31 .globl	__mulint
                             32 
   0000                      33 __mulint:
   0000 F1            [10]   34         pop     af
   0001 C1            [10]   35         pop     bc
   0002 D1            [10]   36         pop     de
   0003 D5            [11]   37         push    de
   0004 C5            [11]   38         push    bc
   0005 F5            [11]   39         push    af
                             40 
                             41 	;; 16-bit multiplication
                             42 	;;
                             43 	;; Entry conditions
                             44 	;; bc = multiplicand
                             45 	;; de = multiplier
                             46 	;;
                             47 	;; Exit conditions
                             48 	;; hl = less significant word of product
                             49 	;;
                             50 	;; Register used: AF,BC,DE,HL
   0006                      51 __mul16::
   0006 AF            [ 4]   52 	xor	a,a
   0007 6F            [ 4]   53 	ld	l,a
   0008 B0            [ 4]   54 	or	a,b
   0009 06 10         [ 7]   55 	ld	b,#16
ASxxxx Assembler V02.00 + NoICE + SDCC mods  (Zilog Z80 / Hitachi HD64180 / ZX-Next), page 2.
Hexadecimal [16-Bits]



                             56 
                             57         ;; Optimise for the case when this side has 8 bits of data or
                             58         ;; less.  This is often the case with support address calls.
   000B 20 04         [12]   59         jr      NZ,2$
   000D 06 08         [ 7]   60         ld      b,#8
   000F 79            [ 4]   61         ld      a,c
   0010                      62 1$:
                             63         ;; Taken from z88dk, which originally borrowed from the
                             64         ;; Spectrum rom.
   0010 29            [11]   65         add     hl,hl
   0011                      66 2$:
   0011 CB 11         [ 8]   67         rl      c
   0013 17            [ 4]   68         rla                     ;DLE 27/11/98
   0014 30 01         [12]   69         jr      NC,3$
   0016 19            [11]   70         add     hl,de
   0017                      71 3$:
   0017 10 F7         [13]   72         djnz    1$
   0019 C9            [10]   73         ret
                             74 
