ASxxxx Assembler V02.00 + NoICE + SDCC mods  (Zilog Z80 / Hitachi HD64180 / ZX-Next), page 1.
Hexadecimal [16-Bits]



                              1 ;--------------------------------------------------------------------------
                              2 ;  mulchar.s
                              3 ;
                              4 ;  Copyright (c) 2017, Philipp Klaus Krause
                              5 ;
                              6 ;  This library is free software; you can redistribute it and/or modify it
                              7 ;  under the terms of the GNU General Public License as published by the
                              8 ;  Free Software Foundation; either version 2, or (at your option) any
                              9 ;  later version.
                             10 ;
                             11 ;  This library is distributed in the hope that it will be useful,
                             12 ;  but WITHOUT ANY WARRANTY; without even the implied warranty of
                             13 ;  MERCHANTABILITY or FITNESS FOR A PARTICULAR PURPOSE. See the
                             14 ;  GNU General Public License for more details.
                             15 ;
                             16 ;  You should have received a copy of the GNU General Public License 
                             17 ;  along with this library; see the file COPYING. If not, write to the
                             18 ;  Free Software Foundation, 51 Franklin Street, Fifth Floor, Boston,
                             19 ;   MA 02110-1301, USA.
                             20 ;
                             21 ;  As a special exception, if you link this library with other files,
                             22 ;  some of which are compiled with SDCC, to produce an executable,
                             23 ;  this library does not by itself cause the resulting executable to
                             24 ;  be covered by the GNU General Public License. This exception does
                             25 ;  not however invalidate any other reasons why the executable file
                             26 ;   might be covered by the GNU General Public License.
                             27 ;--------------------------------------------------------------------------
                             28 
                             29 .area   _CODE
                             30 
                             31 ; unsigned char x unsigned char multiplication is done by code generation.
                             32 
                             33 .globl	__mulsuchar
                             34 .globl	__muluschar
                             35 .globl	__mulschar
                             36 
                             37 ; operands have different sign
                             38 
   0000                      39 __mulsuchar:
   0000 21 03 00      [10]   40         ld      hl,#2+1
   0003 44            [ 4]   41         ld      b, h
   0004 39            [11]   42         add     hl,sp
                             43 
   0005 5E            [ 7]   44         ld      e,(hl)
   0006 2B            [ 6]   45         dec     hl
   0007 4E            [ 7]   46         ld      c,(hl)
   0008 18 15         [12]   47         jr      signexte
                             48 
   000A                      49 __muluschar:
   000A 21 02 00      [10]   50         ld      hl,#2
   000D 44            [ 4]   51         ld      b, h
   000E 39            [11]   52         add     hl,sp
                             53 
   000F 5E            [ 7]   54         ld      e,(hl)
   0010 23            [ 6]   55         inc     hl
ASxxxx Assembler V02.00 + NoICE + SDCC mods  (Zilog Z80 / Hitachi HD64180 / ZX-Next), page 2.
Hexadecimal [16-Bits]



   0011 4E            [ 7]   56         ld      c,(hl)
   0012 18 0B         [12]   57         jr      signexte
                             58 
   0014                      59 __mulschar:
   0014 21 03 00      [10]   60         ld      hl,#2+1
   0017 39            [11]   61         add     hl,sp
                             62 
   0018 5E            [ 7]   63         ld      e,(hl)
   0019 2B            [ 6]   64         dec     hl
   001A 4E            [ 7]   65         ld      c,(hl)
                             66 
                             67         ;; Need to sign extend before going in.
   001B 79            [ 4]   68         ld      a,c
   001C 17            [ 4]   69         rla
   001D 9F            [ 4]   70         sbc     a,a
   001E 47            [ 4]   71         ld      b,a
   001F                      72 signexte:
   001F 7B            [ 4]   73         ld      a,e
   0020 17            [ 4]   74         rla
   0021 9F            [ 4]   75         sbc     a,a
   0022 57            [ 4]   76         ld      d,a
                             77 
   0023 C3 00 00      [10]   78         jp      __mul16
                             79 
